0 info it worked if it ends with ok
1 verbose cli [ '/Users/Quinton/.nvm/versions/node/v7.1.0/bin/node',
1 verbose cli   '/Users/Quinton/.nvm/versions/node/v7.1.0/bin/npm',
1 verbose cli   'publish',
1 verbose cli   '--tag',
1 verbose cli   '1.0.0' ]
2 info using npm@3.10.9
3 info using node@v7.1.0
4 verbose publish [ '.' ]
5 verbose stack Error: Tag name must not be a valid SemVer range: 1.0.0
5 verbose stack     at EventEmitter.publish (/Users/Quinton/.nvm/versions/node/v7.1.0/lib/node_modules/npm/lib/publish.js:41:14)
5 verbose stack     at Object.commandCache.(anonymous function) (/Users/Quinton/.nvm/versions/node/v7.1.0/lib/node_modules/npm/lib/npm.js:124:13)
5 verbose stack     at EventEmitter.<anonymous> (/Users/Quinton/.nvm/versions/node/v7.1.0/lib/node_modules/npm/bin/npm-cli.js:73:30)
5 verbose stack     at _combinedTickCallback (internal/process/next_tick.js:67:7)
5 verbose stack     at process._tickCallback (internal/process/next_tick.js:98:9)
6 verbose cwd /Users/Quinton/Code/amigo-id
7 error Darwin 15.6.0
8 error argv "/Users/Quinton/.nvm/versions/node/v7.1.0/bin/node" "/Users/Quinton/.nvm/versions/node/v7.1.0/bin/npm" "publish" "--tag" "1.0.0"
9 error node v7.1.0
10 error npm  v3.10.9
11 error Tag name must not be a valid SemVer range: 1.0.0
12 error If you need help, you may report this error at:
12 error     <https://github.com/npm/npm/issues>
13 verbose exit [ 1, true ]
